<?xml version="1.0" encoding="UTF-8"?>
<!-- Generated by org.testng.reporters.JUnitReportReporter -->
<testsuite hostname="DESKTOP-GTCKE9G" failures="0" tests="2" name="com.Landy.testcases.LoginPageTest" time="48.617" errors="0" timestamp="2022-06-29T23:52:26 GMT-05:00" skipped="0">
  <testcase classname="com.Landy.testcases.LoginPageTest" name="LoginPageTitleTest" time="23.016"/>
  <system-out/>
  <testcase classname="com.Landy.testcases.LoginPageTest" name="LoginTest" time="25.601"/>
  <system-out/>
</testsuite> <!-- com.Landy.testcases.LoginPageTest -->
